<?xml version="1.0" encoding="UTF-8"?>
<!-- Generated by org.testng.reporters.JUnitReportReporter -->
<testsuite hostname="Rania-LAP" failures="0" tests="1" name="tests.HomeTest" time="1.226" errors="0" timestamp="2020-07-30T23:33:03 EET" skipped="0">
  <testcase classname="tests.HomeTest" name="Test" time="1.226"/>
  <system-out/>
</testsuite> <!-- tests.HomeTest -->
