<?xml version="1.0" encoding="UTF-8"?>
<!-- Generated by org.testng.reporters.JUnitReportReporter -->
<testsuite hostname="Rania-LAP" failures="0" tests="1" name="tests.HomeTest" time="338.907" errors="0" timestamp="2020-08-06T17:06:50 EET" skipped="0">
  <testcase classname="tests.HomeTest" name="Test" time="338.907"/>
  <system-out/>
</testsuite> <!-- tests.HomeTest -->
